<?xml version="1.0" encoding="UTF-8"?>
<!-- Generated by org.testng.reporters.JUnitXMLReporter -->
<testsuite hostname="AALT" ignored="0" name="FireFoxTest0" tests="5" failures="0" timestamp="10 Apr 2018 19:51:28 GMT" time="14.451" errors="0">
  <testcase name="f" time="0.696" classname="com.tanmaysarkar.demo.TestTanmay"/>
  <testcase name="f" time="0.587" classname="com.tanmaysarkar.demo.TestTanmay"/>
  <testcase name="f" time="0.654" classname="com.tanmaysarkar.demo.TestTanmay"/>
  <testcase name="f" time="0.597" classname="com.tanmaysarkar.demo.TestTanmay"/>
  <testcase name="f" time="0.585" classname="com.tanmaysarkar.demo.TestTanmay"/>
</testsuite> <!-- FireFoxTest0 -->
