<?xml version="1.0" encoding="UTF-8"?>
<testng-results skipped="0" failed="0" ignored="0" total="5" passed="5">
  <reporter-output>
  </reporter-output>
  <suite name="Default suite" duration-ms="14451" started-at="2018-04-10T19:51:14Z" finished-at="2018-04-10T19:51:28Z">
    <groups>
    </groups>
    <test name="FireFoxTest0" duration-ms="14451" started-at="2018-04-10T19:51:14Z" finished-at="2018-04-10T19:51:28Z">
      <class name="com.tanmaysarkar.demo.TestTanmay">
        <test-method status="PASS" signature="beforeClass(java.lang.String, java.lang.String)[pri:0, instance:com.tanmaysarkar.demo.TestTanmay@3aeaafa6]" name="beforeClass" is-config="true" duration-ms="8550" started-at="2018-04-10T19:51:14Z" finished-at="2018-04-10T19:51:22Z">
          <params>
            <param index="0">
              <value>
                <![CDATA[chrome]]>
              </value>
            </param>
            <param index="1">
              <value>
                <![CDATA[http://demo.tanmaysarkar.com/sample_01.html]]>
              </value>
            </param>
          </params>
          <reporter-output>
          </reporter-output>
        </test-method> <!-- beforeClass -->
        <test-method status="PASS" signature="f(java.lang.String, java.lang.String, java.lang.String)[pri:0, instance:com.tanmaysarkar.demo.TestTanmay@3aeaafa6]" name="f" duration-ms="696" started-at="2018-04-10T19:51:22Z" data-provider="localDP" finished-at="2018-04-10T19:51:23Z">
          <params>
            <param index="0">
              <value>
                <![CDATA[Aditya]]>
              </value>
            </param>
            <param index="1">
              <value>
                <![CDATA[J]]>
              </value>
            </param>
            <param index="2">
              <value>
                <![CDATA[Parker]]>
              </value>
            </param>
          </params>
          <reporter-output>
          </reporter-output>
        </test-method> <!-- f -->
        <test-method status="PASS" signature="wrapUpTest(org.testng.ITestResult)[pri:0, instance:com.tanmaysarkar.demo.TestTanmay@3aeaafa6]" name="wrapUpTest" is-config="true" duration-ms="608" started-at="2018-04-10T19:51:23Z" finished-at="2018-04-10T19:51:23Z">
          <params>
            <param index="0">
              <value>
                <![CDATA[[TestResult name=f status=SUCCESS method=TestTanmay.f(java.lang.String, java.lang.String, java.lang.String)[pri:0, instance:com.tanmaysarkar.demo.TestTanmay@3aeaafa6] output={null}]]]>
              </value>
            </param>
          </params>
          <reporter-output>
          </reporter-output>
        </test-method> <!-- wrapUpTest -->
        <test-method status="PASS" signature="f(java.lang.String, java.lang.String, java.lang.String)[pri:0, instance:com.tanmaysarkar.demo.TestTanmay@3aeaafa6]" name="f" duration-ms="587" started-at="2018-04-10T19:51:23Z" data-provider="localDP" finished-at="2018-04-10T19:51:24Z">
          <params>
            <param index="0">
              <value>
                <![CDATA[Peter]]>
              </value>
            </param>
            <param index="1">
              <value>
                <![CDATA[P]]>
              </value>
            </param>
            <param index="2">
              <value>
                <![CDATA[Parker]]>
              </value>
            </param>
          </params>
          <reporter-output>
          </reporter-output>
        </test-method> <!-- f -->
        <test-method status="PASS" signature="wrapUpTest(org.testng.ITestResult)[pri:0, instance:com.tanmaysarkar.demo.TestTanmay@3aeaafa6]" name="wrapUpTest" is-config="true" duration-ms="352" started-at="2018-04-10T19:51:24Z" finished-at="2018-04-10T19:51:24Z">
          <params>
            <param index="0">
              <value>
                <![CDATA[[TestResult name=f status=SUCCESS method=TestTanmay.f(java.lang.String, java.lang.String, java.lang.String)[pri:0, instance:com.tanmaysarkar.demo.TestTanmay@3aeaafa6] output={null}]]]>
              </value>
            </param>
          </params>
          <reporter-output>
          </reporter-output>
        </test-method> <!-- wrapUpTest -->
        <test-method status="PASS" signature="f(java.lang.String, java.lang.String, java.lang.String)[pri:0, instance:com.tanmaysarkar.demo.TestTanmay@3aeaafa6]" name="f" duration-ms="654" started-at="2018-04-10T19:51:24Z" data-provider="localDP" finished-at="2018-04-10T19:51:25Z">
          <params>
            <param index="0">
              <value>
                <![CDATA[Michael]]>
              </value>
            </param>
            <param index="1">
              <value>
                <![CDATA[J]]>
              </value>
            </param>
            <param index="2">
              <value>
                <![CDATA[Parker]]>
              </value>
            </param>
          </params>
          <reporter-output>
          </reporter-output>
        </test-method> <!-- f -->
        <test-method status="PASS" signature="wrapUpTest(org.testng.ITestResult)[pri:0, instance:com.tanmaysarkar.demo.TestTanmay@3aeaafa6]" name="wrapUpTest" is-config="true" duration-ms="310" started-at="2018-04-10T19:51:25Z" finished-at="2018-04-10T19:51:25Z">
          <params>
            <param index="0">
              <value>
                <![CDATA[[TestResult name=f status=SUCCESS method=TestTanmay.f(java.lang.String, java.lang.String, java.lang.String)[pri:0, instance:com.tanmaysarkar.demo.TestTanmay@3aeaafa6] output={null}]]]>
              </value>
            </param>
          </params>
          <reporter-output>
          </reporter-output>
        </test-method> <!-- wrapUpTest -->
        <test-method status="PASS" signature="f(java.lang.String, java.lang.String, java.lang.String)[pri:0, instance:com.tanmaysarkar.demo.TestTanmay@3aeaafa6]" name="f" duration-ms="597" started-at="2018-04-10T19:51:25Z" data-provider="localDP" finished-at="2018-04-10T19:51:26Z">
          <params>
            <param index="0">
              <value>
                <![CDATA[Chris]]>
              </value>
            </param>
            <param index="1">
              <value>
                <![CDATA[C]]>
              </value>
            </param>
            <param index="2">
              <value>
                <![CDATA[Parker]]>
              </value>
            </param>
          </params>
          <reporter-output>
          </reporter-output>
        </test-method> <!-- f -->
        <test-method status="PASS" signature="wrapUpTest(org.testng.ITestResult)[pri:0, instance:com.tanmaysarkar.demo.TestTanmay@3aeaafa6]" name="wrapUpTest" is-config="true" duration-ms="404" started-at="2018-04-10T19:51:26Z" finished-at="2018-04-10T19:51:26Z">
          <params>
            <param index="0">
              <value>
                <![CDATA[[TestResult name=f status=SUCCESS method=TestTanmay.f(java.lang.String, java.lang.String, java.lang.String)[pri:0, instance:com.tanmaysarkar.demo.TestTanmay@3aeaafa6] output={null}]]]>
              </value>
            </param>
          </params>
          <reporter-output>
          </reporter-output>
        </test-method> <!-- wrapUpTest -->
        <test-method status="PASS" signature="f(java.lang.String, java.lang.String, java.lang.String)[pri:0, instance:com.tanmaysarkar.demo.TestTanmay@3aeaafa6]" name="f" duration-ms="585" started-at="2018-04-10T19:51:26Z" data-provider="localDP" finished-at="2018-04-10T19:51:27Z">
          <params>
            <param index="0">
              <value>
                <![CDATA[Martin]]>
              </value>
            </param>
            <param index="1">
              <value>
                <![CDATA[W]]>
              </value>
            </param>
            <param index="2">
              <value>
                <![CDATA[Parker]]>
              </value>
            </param>
          </params>
          <reporter-output>
          </reporter-output>
        </test-method> <!-- f -->
        <test-method status="PASS" signature="wrapUpTest(org.testng.ITestResult)[pri:0, instance:com.tanmaysarkar.demo.TestTanmay@3aeaafa6]" name="wrapUpTest" is-config="true" duration-ms="333" started-at="2018-04-10T19:51:27Z" finished-at="2018-04-10T19:51:27Z">
          <params>
            <param index="0">
              <value>
                <![CDATA[[TestResult name=f status=SUCCESS method=TestTanmay.f(java.lang.String, java.lang.String, java.lang.String)[pri:0, instance:com.tanmaysarkar.demo.TestTanmay@3aeaafa6] output={null}]]]>
              </value>
            </param>
          </params>
          <reporter-output>
          </reporter-output>
        </test-method> <!-- wrapUpTest -->
        <test-method status="PASS" signature="afterClass()[pri:0, instance:com.tanmaysarkar.demo.TestTanmay@3aeaafa6]" name="afterClass" is-config="true" duration-ms="729" started-at="2018-04-10T19:51:27Z" finished-at="2018-04-10T19:51:28Z">
          <reporter-output>
          </reporter-output>
        </test-method> <!-- afterClass -->
      </class> <!-- com.tanmaysarkar.demo.TestTanmay -->
    </test> <!-- FireFoxTest0 -->
  </suite> <!-- Default suite -->
</testng-results>
